
2025/11/16 (06:55:20) | ===> btop++ v.1.3.2
2025/11/16 (06:55:20) | WARNING: Failed to join _runner thread on exit!

2025/11/16 (06:55:23) | ===> btop++ v.1.3.2
2025/11/16 (06:55:23) | WARNING: Failed to join _runner thread on exit!

2025/11/16 (06:55:34) | ===> btop++ v.1.3.2
2025/11/16 (06:55:34) | WARNING: Failed to join _runner thread on exit!

2025/11/16 (06:56:05) | ===> btop++ v.1.3.2
2025/11/16 (06:56:05) | WARNING: Failed to join _runner thread on exit!

2025/11/16 (08:17:46) | ===> btop++ v.1.3.2
2025/11/16 (08:17:46) | WARNING: Failed to join _runner thread on exit!

2025/11/16 (08:18:00) | ===> btop++ v.1.3.2
2025/11/16 (08:18:00) | WARNING: Failed to join _runner thread on exit!

2025/11/19 (12:14:44) | ===> btop++ v.1.3.2
2025/11/19 (12:14:44) | WARNING: Failed to join _runner thread on exit!

2025/11/21 (11:47:03) | ===> btop++ v.1.3.2
2025/11/21 (11:47:03) | WARNING: Failed to join _runner thread on exit!

2025/11/22 (18:18:20) | ===> btop++ v.1.3.2
2025/11/22 (18:18:20) | WARNING: Failed to join _runner thread on exit!

2025/11/23 (21:34:56) | ===> btop++ v.1.3.2
2025/11/23 (21:34:56) | WARNING: Failed to join _runner thread on exit!

2025/11/23 (21:43:21) | ===> btop++ v.1.3.2
2025/11/23 (21:43:21) | ERROR: No tty detected!
btop++ needs an interactive shell to run.

2025/11/23 (21:44:01) | ===> btop++ v.1.3.2
2025/11/23 (21:44:01) | ERROR: No tty detected!
btop++ needs an interactive shell to run.

2025/11/23 (21:44:21) | ===> btop++ v.1.3.2
2025/11/23 (21:44:21) | ERROR: No tty detected!
btop++ needs an interactive shell to run.

2025/11/23 (21:44:22) | ===> btop++ v.1.3.2
2025/11/23 (21:44:22) | ERROR: No tty detected!
btop++ needs an interactive shell to run.

2025/11/23 (21:44:22) | ===> btop++ v.1.3.2
2025/11/23 (21:44:22) | ERROR: No tty detected!
btop++ needs an interactive shell to run.

2025/11/23 (21:44:24) | ===> btop++ v.1.3.2
2025/11/23 (21:44:24) | ERROR: No tty detected!
btop++ needs an interactive shell to run.

2025/11/23 (21:44:25) | ===> btop++ v.1.3.2
2025/11/23 (21:44:25) | ERROR: No tty detected!
btop++ needs an interactive shell to run.

2025/11/23 (21:44:26) | ===> btop++ v.1.3.2
2025/11/23 (21:44:26) | ERROR: No tty detected!
btop++ needs an interactive shell to run.

2025/11/26 (21:01:22) | ===> btop++ v.1.3.2
2025/11/26 (21:01:22) | WARNING: Failed to join _runner thread on exit!

2025/12/01 (13:12:31) | ===> btop++ v.1.3.2
2025/12/01 (13:12:31) | WARNING: Failed to join _runner thread on exit!

2025/12/02 (10:05:41) | ===> btop++ v.1.3.2
2025/12/02 (10:05:41) | WARNING: Failed to join _runner thread on exit!

2025/12/05 (10:05:36) | ===> btop++ v.1.3.2
2025/12/05 (10:05:36) | ERROR: No tty detected!
btop++ needs an interactive shell to run.

2025/12/05 (10:05:53) | ===> btop++ v.1.3.2
2025/12/05 (10:05:53) | ERROR: No tty detected!
btop++ needs an interactive shell to run.

2025/12/05 (13:00:23) | ===> btop++ v.1.3.2
2025/12/05 (13:00:23) | WARNING: Failed to join _runner thread on exit!

2025/12/06 (19:28:23) | ===> btop++ v.1.3.2
2025/12/06 (19:28:23) | ERROR: No tty detected!
btop++ needs an interactive shell to run.

2025/12/09 (10:19:29) | ===> btop++ v.1.3.2
2025/12/09 (10:19:29) | WARNING: Failed to join _runner thread on exit!

2025/12/09 (10:24:40) | ===> btop++ v.1.3.2
2025/12/09 (10:24:40) | INFO: Logger set to INFO
2025/12/09 (10:24:41) | INFO: Logger set to DEBUG
2025/12/09 (10:24:41) | INFO: Logger set to INFO
2025/12/09 (10:24:42) | INFO: Logger set to DEBUG
2025/12/09 (10:24:46) | INFO: Logger set to INFO

2025/12/09 (10:28:43) | ===> btop++ v.1.3.2
2025/12/09 (10:28:43) | WARNING: Failed to join _runner thread on exit!

2025/12/09 (12:24:11) | ===> btop++ v.1.3.2
2025/12/09 (12:24:11) | WARNING: Failed to join _runner thread on exit!

2025/12/09 (15:07:14) | ===> btop++ v.1.3.2
2025/12/09 (15:07:14) | WARNING: Failed to join _runner thread on exit!

2025/12/09 (15:32:53) | ===> btop++ v.1.3.2
2025/12/09 (15:32:53) | WARNING: Failed to join _runner thread on exit!

2025/12/09 (16:39:45) | ===> btop++ v.1.3.2
2025/12/09 (16:39:45) | WARNING: Failed to join _runner thread on exit!

2025/12/10 (09:25:41) | ===> btop++ v.1.3.2
2025/12/10 (09:25:41) | WARNING: Failed to join _runner thread on exit!

2025/12/10 (09:26:02) | ===> btop++ v.1.3.2
2025/12/10 (09:26:02) | WARNING: Failed to join _runner thread on exit!
